<?xml version="1.0" encoding="UTF-8"?>
<!-- Generated by org.testng.reporters.JUnitReportReporter -->
<testsuite hostname="uksalfdev06" name="testPages.DailyBulkuploadTestUsingCPS" tests="1" failures="0" timestamp="21 Aug 2017 13:54:26 GMT" time="144.483" errors="0">
  <testcase name="DailyBulkuploadsTestUsingCPS" time="144.483" classname="testPages.DailyBulkuploadTestUsingCPS"/>
</testsuite> <!-- testPages.DailyBulkuploadTestUsingCPS -->
